#! /c/Source/iverilog-install/bin/vvp
:ivl_version "12.0 (devel)" "(s20150603-1539-g2693dd32b)";
:ivl_delay_selection "TYPICAL";
:vpi_time_precision + 0;
:vpi_module "C:\PROGRA~1\iverilog\lib\ivl\system.vpi";
:vpi_module "C:\PROGRA~1\iverilog\lib\ivl\vhdl_sys.vpi";
:vpi_module "C:\PROGRA~1\iverilog\lib\ivl\vhdl_textio.vpi";
:vpi_module "C:\PROGRA~1\iverilog\lib\ivl\v2005_math.vpi";
:vpi_module "C:\PROGRA~1\iverilog\lib\ivl\va_math.vpi";
:vpi_module "C:\PROGRA~1\iverilog\lib\ivl\v2009.vpi";
S_00000255a79897b0 .scope package, "$unit" "$unit" 2 1;
 .timescale 0 0;
S_00000255a7987fe0 .scope module, "nand2_test" "nand2_test" 3 3;
 .timescale 0 0;
enum00000255a793eef0 .enum2/s (32)
   "C1_NOP" 0,
   "C1_RESPONSE" 7
 ;
v00000255a798b020_0 .var "in_value", 1 0;
RS_00000255a798b588 .resolv tri, L_00000255a79dd020, L_00000255a79dd410, L_00000255a79dd250;
v00000255a79dc680_0 .net8 "out", 0 0, RS_00000255a798b588;  3 drivers, strength-aware
L_00000255a79dc4a0 .part v00000255a798b020_0, 1, 1;
L_00000255a79dc040 .part v00000255a798b020_0, 0, 1;
S_00000255a7988170 .scope begin, "$unm_blk_2" "$unm_blk_2" 3 23, 3 23 0, S_00000255a7987fe0;
 .timescale 0 0;
v00000255a7988550_0 .var/2s "enum_var", 31 0;
S_00000255a79dbdc0 .scope module, "not_instance" "nand2_switch" 3 7, 4 1 0, S_00000255a7987fe0;
 .timescale 0 0;
    .port_info 0 /OUTPUT 1 "out";
    .port_info 1 /INPUT 1 "in1";
    .port_info 2 /INPUT 1 "in2";
L_00000255a798b0c0 .functor BUFT 1, C8<770>, C4<0>, C4<0>, C4<0>;
L_00000255a7986450 .functor NMOS 1, L_00000255a798b0c0, L_00000255a79dc040, C4<0>, C4<0>;
L_00000255a79dd020 .functor NMOS 1, L_00000255a7986450, L_00000255a79dc4a0, C4<0>, C4<0>;
L_00000255a793cff0 .functor BUFT 1, C8<771>, C4<0>, C4<0>, C4<0>;
L_00000255a79dd410 .functor PMOS 1, L_00000255a793cff0, L_00000255a79dc4a0, C4<0>, C4<0>;
L_00000255a79dd250 .functor PMOS 1, L_00000255a793cff0, L_00000255a79dc040, C4<0>, C4<0>;
v00000255a7989940_0 .net8 "ground", 0 0, L_00000255a798b0c0;  1 drivers, strength-aware
v00000255a79899e0_0 .net "in1", 0 0, L_00000255a79dc4a0;  1 drivers
v00000255a798ada0_0 .net "in2", 0 0, L_00000255a79dc040;  1 drivers
v00000255a798ae40_0 .net8 "out", 0 0, RS_00000255a798b588;  alias, 3 drivers, strength-aware
v00000255a798aee0_0 .net8 "power", 0 0, L_00000255a793cff0;  1 drivers, strength-aware
v00000255a798af80_0 .net8 "w", 0 0, L_00000255a7986450;  1 drivers, strength-aware
    .scope S_00000255a7987fe0;
T_0 ;
    %vpi_call/w 3 12 "$dumpfile", "dump.vcd" {0 0 0};
    %vpi_call/w 3 13 "$dumpvars", 32'sb00000000000000000000000000000001, S_00000255a7987fe0 {0 0 0};
    %vpi_call/w 3 15 "$monitor", "in:%b, out:%b", v00000255a798b020_0, v00000255a79dc680_0 {0 0 0};
    %delay 1, 0;
    %pushi/vec4 0, 0, 2;
    %store/vec4 v00000255a798b020_0, 0, 2;
    %delay 2, 0;
    %pushi/vec4 1, 0, 2;
    %store/vec4 v00000255a798b020_0, 0, 2;
    %delay 3, 0;
    %pushi/vec4 2, 0, 2;
    %store/vec4 v00000255a798b020_0, 0, 2;
    %delay 4, 0;
    %pushi/vec4 3, 0, 2;
    %store/vec4 v00000255a798b020_0, 0, 2;
    %end;
    .thread T_0;
    .scope S_00000255a7987fe0;
T_1 ;
    %fork t_1, S_00000255a7988170;
    %jmp t_0;
    .scope S_00000255a7988170;
t_1 ;
    %pushi/vec4 0, 0, 32;
    %store/vec4 v00000255a7988550_0, 0, 32;
    %vpi_call/w 3 25 "$display", "enum_var {C1_NOP} = %0d", v00000255a7988550_0 {0 0 0};
    %pushi/vec4 7, 0, 32;
    %store/vec4 v00000255a7988550_0, 0, 32;
    %vpi_call/w 3 26 "$display", "enum_var {C1_RESPONSE} = %0d", v00000255a7988550_0 {0 0 0};
    %end;
    .scope S_00000255a7987fe0;
t_0 %join;
    %end;
    .thread T_1;
# The file index is used to find the file name in the following table.
:file_names 5;
    "N/A";
    "<interactive>";
    "-";
    "testbench.sv";
    "./nand2.sv";
